<?xml version="1.0" encoding="UTF-8"?>
<!-- Generated by org.testng.reporters.JUnitReportReporter -->
<testsuite skipped="0" hostname="DESKTOP-9B2566O" name="Com.TestingShatr.RegressionTestCases.Amazon_Pom_Test" tests="2" failures="0" timestamp="2020-05-24T11:51:01 IST" time="31.810" errors="0">
  <testcase name="tc_02" time="21.062" classname="Com.TestingShatr.RegressionTestCases.Amazon_Pom_Test"/>
  <system-out/>
  <testcase name="tc_03" time="10.748" classname="Com.TestingShatr.RegressionTestCases.Amazon_Pom_Test"/>
  <system-out/>
</testsuite> <!-- Com.TestingShatr.RegressionTestCases.Amazon_Pom_Test -->
