<?xml version="1.0" encoding="UTF-8"?>
<!-- Generated by org.testng.reporters.JUnitReportReporter -->
<testsuite skipped="0" hostname="DESKTOP-9B2566O" name="Com.TestingShatr.RegressionTestCases.Amezon_Test" tests="9" failures="0" timestamp="2020-05-24T12:06:58 IST" time="36.283" errors="0">
  <testcase name="tc_07" time="0.328" classname="Com.TestingShatr.RegressionTestCases.Amezon_Test"/>
  <system-out/>
  <testcase name="tc_09" time="0.433" classname="Com.TestingShatr.RegressionTestCases.Amezon_Test"/>
  <system-out/>
  <testcase name="tc_04" time="11.852" classname="Com.TestingShatr.RegressionTestCases.Amezon_Test"/>
  <system-out/>
  <testcase name="tc_10" time="4.738" classname="Com.TestingShatr.RegressionTestCases.Amezon_Test"/>
  <system-out/>
  <testcase name="tc_06" time="0.298" classname="Com.TestingShatr.RegressionTestCases.Amezon_Test"/>
  <system-out/>
  <testcase name="tc_05" time="0.991" classname="Com.TestingShatr.RegressionTestCases.Amezon_Test"/>
  <system-out/>
  <testcase name="tc_02" time="15.338" classname="Com.TestingShatr.RegressionTestCases.Amezon_Test"/>
  <system-out/>
  <testcase name="tc_03" time="2.183" classname="Com.TestingShatr.RegressionTestCases.Amezon_Test"/>
  <system-out/>
  <testcase name="tc_11" time="0.122" classname="Com.TestingShatr.RegressionTestCases.Amezon_Test"/>
  <system-out/>
</testsuite> <!-- Com.TestingShatr.RegressionTestCases.Amezon_Test -->
