<?xml version="1.0" encoding="UTF-8"?>
<!-- Generated by org.testng.reporters.JUnitReportReporter -->
<testsuite skipped="0" hostname="DESKTOP-9B2566O" name="Com.TestingShatr.RegressionTestCases.Forgot_Password" tests="1" failures="0" timestamp="2020-05-30T21:15:58 IST" time="17.134" errors="0">
  <testcase name="amazon_SignIn_Page" time="17.134" classname="Com.TestingShatr.RegressionTestCases.Forgot_Password"/>
  <system-out/>
</testsuite> <!-- Com.TestingShatr.RegressionTestCases.Forgot_Password -->
