<?xml version="1.0" encoding="UTF-8"?>
<!-- Generated by org.testng.reporters.JUnitReportReporter -->
<testsuite skipped="0" hostname="DESKTOP-9B2566O" name="Com.TestingShatr.RegressionTestCases.Create_Account" tests="1" failures="0" timestamp="2020-06-06T19:13:10 IST" time="2.174" errors="0">
  <testcase name="create_Account" time="2.174" classname="Com.TestingShatr.RegressionTestCases.Create_Account"/>
  <system-out/>
</testsuite> <!-- Com.TestingShatr.RegressionTestCases.Create_Account -->
