<?xml version="1.0" encoding="UTF-8"?>
<!-- Generated by org.testng.reporters.JUnitReportReporter -->
<testsuite skipped="0" hostname="DESKTOP-9B2566O" name="Com.TestingShatr.RegressionTestCases.Sign_In_Page" tests="1" failures="0" timestamp="2020-05-30T20:50:07 IST" time="10.069" errors="0">
  <testcase name="amazon_SignIn_Page" time="10.069" classname="Com.TestingShatr.RegressionTestCases.Sign_In_Page"/>
  <system-out/>
</testsuite> <!-- Com.TestingShatr.RegressionTestCases.Sign_In_Page -->
